<?xml version="1.0" encoding="UTF-8"?>
<!-- Generated by org.testng.reporters.JUnitXMLReporter -->
<testsuite ignored="1" hostname="LAPTOP-5BJUDO0N" failures="0" tests="1" name="Default test" time="22.263" errors="0" timestamp="2020-09-09T16:59:15 SGT">
  <testcase classname="com.qa.testcases.FinishPageTest" name="TC19_Standard_User_Login_Cart_Checkout_Finish_Page_Logout" time="0.371"/>
  <testcase classname="com.qa.testcases.FinishPageTest" name="TC18_Standard_User_Login_Cart_Checkout_Finish_Page" time="0.0">
    <ignored/>
  </testcase> <!-- TC18_Standard_User_Login_Cart_Checkout_Finish_Page -->
</testsuite> <!-- Default test -->
