<?xml version="1.0" encoding="UTF-8"?>
<!-- Generated by org.testng.reporters.JUnitXMLReporter -->
<testsuite ignored="0" hostname="LAPTOP-5BJUDO0N" failures="0" tests="2" name="SauceDemo Test cases" time="55.55" errors="0" timestamp="2020-09-09T22:14:09 SGT">
  <testcase classname="com.qa.testcases.FinishPageTest" name="TC18_Standard_User_Login_Cart_Checkout_Finish_Page" time="0.111"/>
  <testcase classname="com.qa.testcases.FinishPageTest" name="TC19_Standard_User_Login_Cart_Checkout_Finish_Page_Logout" time="0.256"/>
</testsuite> <!-- SauceDemo Test cases -->
