<?xml version="1.0" encoding="UTF-8"?>
<!-- Generated by org.testng.reporters.JUnitXMLReporter -->
<testsuite ignored="0" hostname="LAPTOP-5BJUDO0N" failures="0" tests="6" name="CRM App Test cases" time="110.382" errors="0" timestamp="2020-09-05T18:38:01 PST">
  <testcase classname="com.crm.qa.testcases.LoginPageTest" name="loginPageLogoTest" time="0.142"/>
  <testcase classname="com.crm.qa.testcases.LoginPageTest" name="userLoginTest" time="0.834"/>
  <testcase classname="com.crm.qa.testcases.HomePageTest" name="verifyHomePageTitleTest" time="3.034"/>
  <testcase classname="com.crm.qa.testcases.HomePageTest" name="verifyNewsLetterLinkTest" time="4.285"/>
  <testcase classname="com.crm.qa.testcases.HomePageTest" name="verifyProfileLinkTest" time="4.082"/>
  <testcase classname="com.crm.qa.testcases.HomePageTest" name="verifyWishListLinkTest" time="2.945"/>
</testsuite> <!-- CRM App Test cases -->
