<?xml version="1.0" encoding="UTF-8"?>
<!-- Generated by org.testng.reporters.JUnitXMLReporter -->
<testsuite ignored="0" hostname="LAPTOP-5BJUDO0N" failures="0" tests="8" name="DemoBlaze Test cases" time="122.244" errors="0" timestamp="2020-09-08T02:17:10 SGT">
  <testcase classname="com.crm.qa.testcases.LoginPageTest" name="TC1_Login_Page_Standard_User_Login" time="8.35"/>
  <testcase classname="com.crm.qa.testcases.LoginPageTest" name="TC2_Login_Page_Locked_Out_User_Login" time="0.198"/>
  <testcase classname="com.crm.qa.testcases.HomePageTest" name="TC2_Verify_Landing_Page" time="0.046"/>
  <testcase classname="com.crm.qa.testcases.HomePageTest" name="TC3_Verify_Sort_Name_A_to_Z" time="0.256"/>
  <testcase classname="com.crm.qa.testcases.HomePageTest" name="TC4_Verify_Sort_Name_Z_to_A" time="0.434"/>
  <testcase classname="com.crm.qa.testcases.HomePageTest" name="TC5_Verify_Sort_Price_Low_to_High" time="0.325"/>
  <testcase classname="com.crm.qa.testcases.HomePageTest" name="TC6_Verify_Sort_Price_High_to_Low" time="0.141"/>
  <testcase classname="com.crm.qa.testcases.HomePageTest" name="TC7_Product_Cart_Icon_Displayed" time="0.051"/>
</testsuite> <!-- DemoBlaze Test cases -->
