<?xml version="1.0" encoding="UTF-8"?>
<!-- Generated by org.testng.reporters.JUnitXMLReporter -->
<testsuite ignored="0" hostname="LAPTOP-5BJUDO0N" failures="0" tests="21" name="SauceDemo Test cases" time="556.551" errors="0" timestamp="2020-09-09T17:20:12 SGT">
  <testcase classname="com.qa.testcases.LoginPageTest" name="TC1_Login_Page_Standard_User_Login" time="10.337"/>
  <testcase classname="com.qa.testcases.LoginPageTest" name="TC2_Login_Page_Locked_Out_User_Login" time="0.231"/>
  <testcase classname="com.qa.testcases.HomePageTest" name="TC2_Verify_Landing_Page" time="0.049"/>
  <testcase classname="com.qa.testcases.HomePageTest" name="TC4_Standard_User_Verify_Sort_Name_Z_to_A" time="0.321"/>
  <testcase classname="com.qa.testcases.HomePageTest" name="TC3_Standard_User_Verify_Sort_Name_A_to_Z" time="0.335"/>
  <testcase classname="com.qa.testcases.HomePageTest" name="TC5_Standard_User_Verify_Sort_Price_Low_to_High" time="0.344"/>
  <testcase classname="com.qa.testcases.HomePageTest" name="TC6_Standard_User_Verify_Sort_Price_High_to_Low" time="0.331"/>
  <testcase classname="com.qa.testcases.HomePageTest" name="TC7_Product_Cart_Icon_Displayed" time="0.072"/>
  <testcase classname="com.qa.testcases.HomePageTest" name="TC8_Standard_User_Login_Product_Details_Page_Add_to_Cart" time="0.114"/>
  <testcase classname="com.qa.testcases.HomePageTest" name="TC9_Standard_User_Login_Product_Details_Page_Add_to_Cart_Multiple_Products_Add" time="0.719"/>
  <testcase classname="com.qa.testcases.CartPageTest" name="TC10_Standard_User_Login_Add_Products_To_Cart_And_Remove" time="0.174"/>
  <testcase classname="com.qa.testcases.CartPageTest" name="TC11_Standard_User_Login_Product_Details_Page_Your_Cart_Functionality_Continue_Shopping" time="0.838"/>
  <testcase classname="com.qa.testcases.CheckOutPageTest" name="TC12_Standard_User_Login_Cart_Checkout_Your_Info_Page" time="0.163"/>
  <testcase classname="com.qa.testcases.CheckOutPageTest" name="TC13_Standard_User_Login_Cart_Checkout_Your_Info_Page_Navigation" time="0.827"/>
  <testcase classname="com.qa.testcases.CheckOutPageTest" name="TC14_Standard_User_Login_Cart_Checkout_Overview_Page_FirstName_Validation" time="0.473"/>
  <testcase classname="com.qa.testcases.CheckOutPageTest" name="TC15_Standard_User_Login_Cart_Checkout_Overview_Page_LastName_Validation" time="0.741"/>
  <testcase classname="com.qa.testcases.CheckOutPageTest" name="TC16_Standard_User_Login_Cart_Checkout_Overview_Page_PostalCode_Validation" time="0.569"/>
  <testcase classname="com.qa.testcases.CheckoutOverviewPageTest" name="TC17_Standard_User_Login_Verify_Product_Total" time="0.301"/>
  <testcase classname="com.qa.testcases.CheckoutOverviewPageTest" name="TC18_Standard_User_Login_Cart_Checkout_Finish_Page" time="1.552"/>
  <testcase classname="com.qa.testcases.FinishPageTest" name="TC18_Standard_User_Login_Cart_Checkout_Finish_Page" time="0.066"/>
  <testcase classname="com.qa.testcases.FinishPageTest" name="TC19_Standard_User_Login_Cart_Checkout_Finish_Page_Logout" time="0.464"/>
</testsuite> <!-- SauceDemo Test cases -->
